c:\users\i.shushou\documents\dx21\showmesh\debug\vc140.pdb
c:\users\i.shushou\documents\dx21\showmesh\debug\vc140.idb
c:\users\i.shushou\documents\dx21\showmesh\debug\camera.obj
c:\users\i.shushou\documents\dx21\showmesh\debug\input.obj
c:\users\i.shushou\documents\dx21\showmesh\debug\light.obj
c:\users\i.shushou\documents\dx21\showmesh\debug\main.obj
c:\users\i.shushou\documents\dx21\showmesh\debug\model.obj
c:\users\i.shushou\documents\dx21\showmesh\debug\polygon.obj
c:\users\i.shushou\documents\dx21\showmesh\debug\inputmouse.obj
c:\users\i.shushou\documents\dx21\showmesh\debug\texturemanager.obj
c:\users\i.shushou\documents\dx21\showmesh\debug\tpscamera.obj
c:\users\i.shushou\documents\dx21\showmesh_skytoom_ver\debug\vc140.pdb
c:\users\i.shushou\documents\dx21\showmesh_skytoom_ver\debug\vc140.idb
c:\users\i.shushou\documents\dx21\showmesh_skytoom_ver\debug\camera.obj
c:\users\i.shushou\documents\dx21\showmesh_skytoom_ver\debug\indexpolygon.obj
c:\users\i.shushou\documents\dx21\showmesh_skytoom_ver\debug\input.obj
c:\users\i.shushou\documents\dx21\showmesh_skytoom_ver\debug\inputmouse.obj
c:\users\i.shushou\documents\dx21\showmesh_skytoom_ver\debug\light.obj
c:\users\i.shushou\documents\dx21\showmesh_skytoom_ver\debug\main.obj
c:\users\i.shushou\documents\dx21\showmesh_skytoom_ver\debug\model.obj
c:\users\i.shushou\documents\dx21\showmesh_skytoom_ver\debug\polygon.obj
c:\users\i.shushou\documents\dx21\showmesh_skytoom_ver\debug\skydome.obj
c:\users\i.shushou\documents\dx21\showmesh_skytoom_ver\debug\texturemanager.obj
c:\users\i.shushou\documents\dx21\showmesh_skytoom_ver\debug\tpscamera.obj
c:\users\i.shushou\documents\dx21\showmesh_billboard_ver\debug\vc140.pdb
c:\users\i.shushou\documents\dx21\showmesh_billboard_ver\debug\vc140.idb
c:\users\i.shushou\documents\dx21\showmesh_billboard_ver\debug\camera.obj
c:\users\i.shushou\documents\dx21\showmesh_billboard_ver\debug\indexpolygon.obj
c:\users\i.shushou\documents\dx21\showmesh_billboard_ver\debug\input.obj
c:\users\i.shushou\documents\dx21\showmesh_billboard_ver\debug\inputmouse.obj
c:\users\i.shushou\documents\dx21\showmesh_billboard_ver\debug\light.obj
c:\users\i.shushou\documents\dx21\showmesh_billboard_ver\debug\main.obj
c:\users\i.shushou\documents\dx21\showmesh_billboard_ver\debug\model.obj
c:\users\i.shushou\documents\dx21\showmesh_billboard_ver\debug\polygon.obj
c:\users\i.shushou\documents\dx21\showmesh_billboard_ver\debug\skydome.obj
c:\users\i.shushou\documents\dx21\showmesh_billboard_ver\debug\texturemanager.obj
c:\users\i.shushou\documents\dx21\showmesh_billboard_ver\debug\tpscamera.obj
c:\users\i.shushou\documents\dx21\showmesh_billboard_ver\debug\meshfield.obj
c:\users\i.shushou\documents\dx21\showmesh_partical\debug\vc140.pdb
c:\users\i.shushou\documents\dx21\showmesh_partical\debug\vc140.idb
c:\users\i.shushou\documents\dx21\showmesh_partical\debug\camera.obj
c:\users\i.shushou\documents\dx21\showmesh_partical\debug\meshfield.obj
c:\users\i.shushou\documents\dx21\showmesh_partical\debug\input.obj
c:\users\i.shushou\documents\dx21\showmesh_partical\debug\inputmouse.obj
c:\users\i.shushou\documents\dx21\showmesh_partical\debug\light.obj
c:\users\i.shushou\documents\dx21\showmesh_partical\debug\main.obj
c:\users\i.shushou\documents\dx21\showmesh_partical\debug\model.obj
c:\users\i.shushou\documents\dx21\showmesh_partical\debug\partical.obj
c:\users\i.shushou\documents\dx21\showmesh_partical\debug\particalcenter.obj
c:\users\i.shushou\documents\dx21\showmesh_partical\debug\polygon.obj
c:\users\i.shushou\documents\dx21\showmesh_partical\debug\skydome.obj
c:\users\i.shushou\documents\dx21\showmesh_partical\debug\texturemanager.obj
c:\users\i.shushou\documents\dx21\showmesh_partical\debug\tpscamera.obj
c:\users\i.shushou\documents\dx21\showmesh_cameramove_ver\debug\vc140.pdb
c:\users\i.shushou\documents\dx21\showmesh_cameramove_ver\debug\vc140.idb
c:\users\i.shushou\documents\dx21\showmesh_cameramove_ver\debug\camera.obj
c:\users\i.shushou\documents\dx21\showmesh_cameramove_ver\debug\meshfield.obj
c:\users\i.shushou\documents\dx21\showmesh_cameramove_ver\debug\input.obj
c:\users\i.shushou\documents\dx21\showmesh_cameramove_ver\debug\inputmouse.obj
c:\users\i.shushou\documents\dx21\showmesh_cameramove_ver\debug\light.obj
c:\users\i.shushou\documents\dx21\showmesh_cameramove_ver\debug\main.obj
c:\users\i.shushou\documents\dx21\showmesh_cameramove_ver\debug\model.obj
c:\users\i.shushou\documents\dx21\showmesh_cameramove_ver\debug\partical.obj
c:\users\i.shushou\documents\dx21\showmesh_cameramove_ver\debug\particalcenter.obj
c:\users\i.shushou\documents\dx21\showmesh_cameramove_ver\debug\polygon.obj
c:\users\i.shushou\documents\dx21\showmesh_cameramove_ver\debug\skydome.obj
c:\users\i.shushou\documents\dx21\showmesh_cameramove_ver\debug\texturemanager.obj
c:\users\i.shushou\documents\dx21\showmesh_cameramove_ver\debug\tpscamera.obj
c:\users\i.shushou\documents\dx21\showmesh_cameramove_ver\debug\model_aircraft.obj
c:\users\i.shushou\documents\dx21\showmesh_cameramove_ver\debug\bullet.obj
c:\users\i.shushou\documents\dx21\showmesh_cameramove_ver\debug\explosion.obj
c:\users\i.shushou\documents\dx21\showmesh_cameramove_ver\debug\vector.obj
c:\users\i.shushou\documents\dx21\showmesh_cameramove_ver\debug\shadow.obj
c:\users\i.shushou\documents\dx21\showmesh_cameramove_ver\debug\sound.obj
c:\users\i.shushou\documents\dx21\mef_3dgame\debug\vc140.pdb
c:\users\i.shushou\documents\dx21\mef_3dgame\debug\vc140.idb
c:\users\i.shushou\documents\dx21\mef_3dgame\debug\bullet.obj
c:\users\i.shushou\documents\dx21\mef_3dgame\debug\camera.obj
c:\users\i.shushou\documents\dx21\mef_3dgame\debug\explosion.obj
c:\users\i.shushou\documents\dx21\mef_3dgame\debug\hitrectangle .obj
c:\users\i.shushou\documents\dx21\mef_3dgame\debug\meshfield.obj
c:\users\i.shushou\documents\dx21\mef_3dgame\debug\input.obj
c:\users\i.shushou\documents\dx21\mef_3dgame\debug\inputmouse.obj
c:\users\i.shushou\documents\dx21\mef_3dgame\debug\light.obj
c:\users\i.shushou\documents\dx21\mef_3dgame\debug\main.obj
c:\users\i.shushou\documents\dx21\mef_3dgame\debug\model.obj
c:\users\i.shushou\documents\dx21\mef_3dgame\debug\model_aircraft.obj
c:\users\i.shushou\documents\dx21\mef_3dgame\debug\partical.obj
c:\users\i.shushou\documents\dx21\mef_3dgame\debug\particalcenter.obj
c:\users\i.shushou\documents\dx21\mef_3dgame\debug\polygon.obj
c:\users\i.shushou\documents\dx21\mef_3dgame\debug\shadow.obj
c:\users\i.shushou\documents\dx21\mef_3dgame\debug\skydome.obj
c:\users\i.shushou\documents\dx21\mef_3dgame\debug\sound.obj
c:\users\i.shushou\documents\dx21\mef_3dgame\debug\texturemanager.obj
c:\users\i.shushou\documents\dx21\mef_3dgame\debug\tpscamera.obj
c:\users\i.shushou\documents\dx21\mef_3dgame\debug\vector.obj
c:\users\i.shushou\documents\dx21\mef_3dgame\debug\hitcheck.obj
c:\users\i.shushou\documents\dx21\mef_3dgame\debug\hitcheckmesh.obj
c:\users\i.shushou\documents\dx21\mef_3dgame\debug\hitcirclemesh.obj
c:\users\i.shushou\documents\dx21\mef_3dgame\debug\tpsaim.obj
c:\users\i.shushou\documents\dx21\mef_3dgame\debug\matrix.obj
c:\users\i.shushou\documents\dx21\mef_3dgame\debug\hitcircle.obj
c:\users\i.shushou\documents\dx21\mef_3dgame\debug\motion.obj
c:\users\i.shushou\documents\dx21\mef_3dgame\debug\tutorial.obj
c:\users\i.shushou\documents\dx21\mef_3dgame\debug\fade.obj
c:\users\i.shushou\documents\dx21\mef_3dgame\debug\result.obj
c:\users\i.shushou\documents\dx21\mef_3dgame\debug\title.obj
c:\users\i.shushou\documents\dx21\mef_3dgame\debug\enemyball.obj
c:\users\i.shushou\documents\dx21\mef_3dgame\debug\head.obj
c:\users\i.shushou\documents\dx21\mef_3dgame_ver2\debug\vc140.pdb
c:\users\i.shushou\documents\dx21\mef_3dgame_ver2\debug\vc140.idb
c:\users\i.shushou\documents\dx21\mef_3dgame_ver2\debug\meshfield.obj
c:\users\i.shushou\documents\dx21\mef_3dgame_ver2\debug\input.obj
c:\users\i.shushou\documents\dx21\mef_3dgame_ver2\debug\inputmouse.obj
c:\users\i.shushou\documents\dx21\mef_3dgame_ver2\debug\light.obj
c:\users\i.shushou\documents\dx21\mef_3dgame_ver2\debug\model.obj
c:\users\i.shushou\documents\dx21\mef_3dgame_ver2\debug\partical.obj
c:\users\i.shushou\documents\dx21\mef_3dgame_ver2\debug\particalcenter.obj
c:\users\i.shushou\documents\dx21\mef_3dgame_ver2\debug\polygon.obj
c:\users\i.shushou\documents\dx21\mef_3dgame_ver2\debug\result.obj
c:\users\i.shushou\documents\dx21\mef_3dgame_ver2\debug\skydome.obj
c:\users\i.shushou\documents\dx21\mef_3dgame_ver2\debug\sound.obj
c:\users\i.shushou\documents\dx21\mef_3dgame_ver2\debug\texturemanager.obj
c:\users\i.shushou\documents\dx21\mef_3dgame_ver2\debug\title.obj
c:\users\i.shushou\documents\dx21\mef_3dgame_ver2\debug\tpsaim.obj
c:\users\i.shushou\documents\dx21\mef_3dgame_ver2\debug\tutorial.obj
c:\users\i.shushou\documents\dx21\mef_3dgame_ver2\debug\vector.obj
c:\users\i.shushou\documents\dx21\mef_3dgame_ver2\debug\camera.obj
c:\users\i.shushou\documents\dx21\mef_3dgame_ver2\debug\enemyball.obj
c:\users\i.shushou\documents\dx21\mef_3dgame_ver2\debug\explosion.obj
c:\users\i.shushou\documents\dx21\mef_3dgame_ver2\debug\fade.obj
c:\users\i.shushou\documents\dx21\mef_3dgame_ver2\debug\hitcheckmesh.obj
c:\users\i.shushou\documents\dx21\mef_3dgame_ver2\debug\hitcircle.obj
c:\users\i.shushou\documents\dx21\mef_3dgame_ver2\debug\hitcirclemesh.obj
c:\users\i.shushou\documents\dx21\mef_3dgame_ver2\debug\hitrectangle .obj
c:\users\i.shushou\documents\dx21\mef_3dgame_ver2\debug\matrix.obj
c:\users\i.shushou\documents\dx21\mef_3dgame_ver2\debug\main.obj
c:\users\i.shushou\documents\dx21\mef_3dgame_ver2\debug\model_aircraft.obj
c:\users\i.shushou\documents\dx21\mef_3dgame_ver2\debug\tpscamera.obj
c:\users\i.shushou\documents\dx21\mef_3dgame_ver2\debug\bullet.obj
c:\users\i.shushou\documents\dx21\mef_3dgame_ver2\debug\shadow.obj
c:\users\i.shushou\documents\dx21\mef_3dgame_ver2\debug\titlemanager.obj
c:\users\i.shushou\documents\dx21\mef_3dgame_ver2\debug\titleobj.obj
c:\users\i.shushou\documents\dx21\mef_3dgame_ver2\debug\obj2d.obj
c:\users\i.shushou\documents\dx21\mef_3dgame_ver2\debug\cnumber.obj
c:\users\i.shushou\documents\dx21\mef_3dgame_ver2\debug\cscore.obj
c:\users\i.shushou\documents\dx21\mef_3dgame_ver2\debug\particalmanager.obj
c:\users\i.shushou\documents\dx21\mef_3dgame_ver2\debug\cpartical.obj
c:\users\i.shushou\documents\dx21\mef_3dgame_ver2\debug\cparticalsetting.obj
c:\users\i.shushou\documents\dx21\mef_3dgame_ver2\debug\cgameui.obj
c:\users\i.shushou\documents\dx21\mef_3dgame_ver2\debug\wave.obj
c:\users\i.shushou\documents\dx21\mef_3dgame_ver2\debug\motion.obj
c:\users\i.shushou\documents\dx21\mef_3dgame_ver2\debug\obj3d.obj
c:\users\i.shushou\documents\dx21\mef_3dgame_ver2\debug\cscene3d.obj
c:\users\i.shushou\documents\dx21\mef_3dgame_ver2\debug\cgrenadetrack.obj
c:\users\i.shushou\documents\dx21\mef_3dgame_ver2\debug\obj3dbillboard.obj
c:\users\i.shushou\documents\dx21\mef_3dgame_ver2\debug\cgrenade.obj
c:\users\i.shushou\documents\dx21\mef_3dgame_master\debug\vc140.pdb
c:\users\i.shushou\documents\dx21\mef_3dgame_master\debug\vc140.idb
c:\users\i.shushou\documents\dx21\mef_3dgame_master\debug\main.obj
c:\users\i.shushou\documents\dx21\mef_3dgame_master\debug\model.obj
c:\users\i.shushou\documents\dx21\mef_3dgame_master\debug\model_aircraft.obj
c:\users\i.shushou\documents\dx21\mef_3dgame_master\debug\motion.obj
c:\users\i.shushou\documents\dx21\mef_3dgame_master\debug\obj3d.obj
c:\users\i.shushou\documents\dx21\mef_3dgame_master\debug\obj3dbillboard.obj
c:\users\i.shushou\documents\dx21\mef_3dgame_master\debug\particalmanager.obj
c:\users\i.shushou\documents\dx21\mef_3dgame_master\debug\polygon.obj
c:\users\i.shushou\documents\dx21\mef_3dgame_master\debug\result.obj
c:\users\i.shushou\documents\dx21\mef_3dgame_master\debug\shadow.obj
c:\users\i.shushou\documents\dx21\mef_3dgame_master\debug\skydome.obj
c:\users\i.shushou\documents\dx21\mef_3dgame_master\debug\sound.obj
c:\users\i.shushou\documents\dx21\mef_3dgame_master\debug\texturemanager.obj
c:\users\i.shushou\documents\dx21\mef_3dgame_master\debug\titlemanager.obj
c:\users\i.shushou\documents\dx21\mef_3dgame_master\debug\obj2d.obj
c:\users\i.shushou\documents\dx21\mef_3dgame_master\debug\tpsaim.obj
c:\users\i.shushou\documents\dx21\mef_3dgame_master\debug\tpscamera.obj
c:\users\i.shushou\documents\dx21\mef_3dgame_master\debug\tutorial.obj
c:\users\i.shushou\documents\dx21\mef_3dgame_master\debug\vector.obj
c:\users\i.shushou\documents\dx21\mef_3dgame_master\debug\wave.obj
c:\users\i.shushou\documents\dx21\mef_3dgame_master\debug\cgameui.obj
c:\users\i.shushou\documents\dx21\mef_3dgame_master\debug\cgrenade.obj
c:\users\i.shushou\documents\dx21\mef_3dgame_master\debug\cgrenadetrack.obj
c:\users\i.shushou\documents\dx21\mef_3dgame_master\debug\cnumber.obj
c:\users\i.shushou\documents\dx21\mef_3dgame_master\debug\cpartical.obj
c:\users\i.shushou\documents\dx21\mef_3dgame_master\debug\cparticalsetting.obj
c:\users\i.shushou\documents\dx21\mef_3dgame_master\debug\cscene3d.obj
c:\users\i.shushou\documents\dx21\mef_3dgame_master\debug\cscore.obj
c:\users\i.shushou\documents\dx21\mef_3dgame_master\debug\enemyball.obj
c:\users\i.shushou\documents\dx21\mef_3dgame_master\debug\explosion.obj
c:\users\i.shushou\documents\dx21\mef_3dgame_master\debug\fade.obj
c:\users\i.shushou\documents\dx21\mef_3dgame_master\debug\hitcheckmesh.obj
c:\users\i.shushou\documents\dx21\mef_3dgame_master\debug\hitcircle.obj
c:\users\i.shushou\documents\dx21\mef_3dgame_master\debug\hitcirclemesh.obj
c:\users\i.shushou\documents\dx21\mef_3dgame_master\debug\hitrectangle .obj
c:\users\i.shushou\documents\dx21\mef_3dgame_master\debug\matrix.obj
c:\users\i.shushou\documents\dx21\mef_3dgame_master\debug\meshfield.obj
c:\users\i.shushou\documents\dx21\mef_3dgame_master\debug\input.obj
c:\users\i.shushou\documents\dx21\mef_3dgame_master\debug\inputmouse.obj
c:\users\i.shushou\documents\dx21\mef_3dgame_master\debug\light.obj
c:\users\i.shushou\documents\dx21\mef_3dgame_master\debug\bullet.obj
c:\users\i.shushou\documents\dx21\mef_3dgame_master\debug\camera.obj
c:\users\weiqi\documents\secondyearworks\shootzombie\project\debug\vc140.pdb
c:\users\i.shushou\documents\dx21\showmesh\showmesh_debug.ilk
c:\users\i.shushou\documents\dx21\showmesh\showmesh_debug.exe
c:\users\i.shushou\documents\dx21\showmesh\showmesh_debug.pdb
c:\users\i.shushou\documents\dx21\showmesh_skytoom_ver\showmesh_debug.ilk
c:\users\i.shushou\documents\dx21\showmesh_skytoom_ver\showmesh_debug.exe
c:\users\i.shushou\documents\dx21\showmesh_skytoom_ver\showmesh_debug.pdb
c:\users\i.shushou\documents\dx21\showmesh_billboard_ver\showmesh_debug.ilk
c:\users\i.shushou\documents\dx21\showmesh_billboard_ver\showmesh_debug.exe
c:\users\i.shushou\documents\dx21\showmesh_billboard_ver\showmesh_debug.pdb
c:\users\i.shushou\documents\dx21\showmesh_partical\showmesh_debug.ilk
c:\users\i.shushou\documents\dx21\showmesh_partical\showmesh_debug.exe
c:\users\i.shushou\documents\dx21\showmesh_partical\showmesh_debug.pdb
c:\users\i.shushou\documents\dx21\showmesh_cameramove_ver\showmesh_debug.ilk
c:\users\i.shushou\documents\dx21\showmesh_cameramove_ver\showmesh_debug.exe
c:\users\i.shushou\documents\dx21\showmesh_cameramove_ver\showmesh_debug.pdb
c:\users\i.shushou\documents\dx21\mef_3dgame_ver2\showmesh_debug.ilk
c:\users\i.shushou\documents\dx21\mef_3dgame_ver2\showmesh_debug.exe
c:\users\i.shushou\documents\dx21\mef_3dgame_ver2\showmesh_debug.pdb
c:\users\i.shushou\documents\dx21\mef_3dgame_master\showmesh_debug.ilk
c:\users\i.shushou\documents\dx21\mef_3dgame_master\showmesh_debug.exe
c:\users\i.shushou\documents\dx21\mef_3dgame_master\showmesh_debug.pdb
c:\users\weiqi\documents\secondyearworks\shootzombie\project\debug\bullet.obj
c:\users\weiqi\documents\secondyearworks\shootzombie\project\debug\camera.obj
c:\users\weiqi\documents\secondyearworks\shootzombie\project\debug\cgameui.obj
c:\users\weiqi\documents\secondyearworks\shootzombie\project\debug\cgrenade.obj
c:\users\weiqi\documents\secondyearworks\shootzombie\project\debug\cgrenadetrack.obj
c:\users\weiqi\documents\secondyearworks\shootzombie\project\debug\cnumber.obj
c:\users\weiqi\documents\secondyearworks\shootzombie\project\debug\cpartical.obj
c:\users\weiqi\documents\secondyearworks\shootzombie\project\debug\cparticalsetting.obj
c:\users\weiqi\documents\secondyearworks\shootzombie\project\debug\cscene3d.obj
c:\users\weiqi\documents\secondyearworks\shootzombie\project\debug\cscore.obj
c:\users\weiqi\documents\secondyearworks\shootzombie\project\debug\enemyball.obj
c:\users\weiqi\documents\secondyearworks\shootzombie\project\debug\explosion.obj
c:\users\weiqi\documents\secondyearworks\shootzombie\project\debug\fade.obj
c:\users\weiqi\documents\secondyearworks\shootzombie\project\debug\head.obj
c:\users\weiqi\documents\secondyearworks\shootzombie\project\debug\hitcheck.obj
c:\users\weiqi\documents\secondyearworks\shootzombie\project\debug\hitcheckmesh.obj
c:\users\weiqi\documents\secondyearworks\shootzombie\project\debug\hitcircle.obj
c:\users\weiqi\documents\secondyearworks\shootzombie\project\debug\hitcirclemesh.obj
c:\users\weiqi\documents\secondyearworks\shootzombie\project\debug\hitrectangle .obj
c:\users\weiqi\documents\secondyearworks\shootzombie\project\debug\indexpolygon.obj
c:\users\weiqi\documents\secondyearworks\shootzombie\project\debug\input.obj
c:\users\weiqi\documents\secondyearworks\shootzombie\project\debug\inputmouse.obj
c:\users\weiqi\documents\secondyearworks\shootzombie\project\debug\light.obj
c:\users\weiqi\documents\secondyearworks\shootzombie\project\debug\main.obj
c:\users\weiqi\documents\secondyearworks\shootzombie\project\debug\matrix.obj
c:\users\weiqi\documents\secondyearworks\shootzombie\project\debug\meshfield.obj
c:\users\weiqi\documents\secondyearworks\shootzombie\project\debug\model.obj
c:\users\weiqi\documents\secondyearworks\shootzombie\project\debug\model_aircraft.obj
c:\users\weiqi\documents\secondyearworks\shootzombie\project\debug\motion.obj
c:\users\weiqi\documents\secondyearworks\shootzombie\project\debug\obj2d.obj
c:\users\weiqi\documents\secondyearworks\shootzombie\project\debug\obj3d.obj
c:\users\weiqi\documents\secondyearworks\shootzombie\project\debug\obj3dbillboard.obj
c:\users\weiqi\documents\secondyearworks\shootzombie\project\debug\partical.obj
c:\users\weiqi\documents\secondyearworks\shootzombie\project\debug\particalcenter.obj
c:\users\weiqi\documents\secondyearworks\shootzombie\project\debug\particalmanager.obj
c:\users\weiqi\documents\secondyearworks\shootzombie\project\debug\polygon.obj
c:\users\weiqi\documents\secondyearworks\shootzombie\project\debug\result.obj
c:\users\weiqi\documents\secondyearworks\shootzombie\project\debug\shadow.obj
c:\users\weiqi\documents\secondyearworks\shootzombie\project\debug\skydome.obj
c:\users\weiqi\documents\secondyearworks\shootzombie\project\debug\sound.obj
c:\users\weiqi\documents\secondyearworks\shootzombie\project\debug\texturemanager.obj
c:\users\weiqi\documents\secondyearworks\shootzombie\project\debug\title.obj
c:\users\weiqi\documents\secondyearworks\shootzombie\project\debug\titlemanager.obj
c:\users\weiqi\documents\secondyearworks\shootzombie\project\debug\titleobj.obj
c:\users\weiqi\documents\secondyearworks\shootzombie\project\debug\tpsaim.obj
c:\users\weiqi\documents\secondyearworks\shootzombie\project\debug\tpscamera.obj
c:\users\weiqi\documents\secondyearworks\shootzombie\project\debug\tutorial.obj
c:\users\weiqi\documents\secondyearworks\shootzombie\project\debug\vector.obj
c:\users\weiqi\documents\secondyearworks\shootzombie\project\debug\wave.obj
c:\users\weiqi\documents\secondyearworks\shootzombie\project\debug\bullet.obj.enc
c:\users\weiqi\documents\secondyearworks\shootzombie\project\debug\cgameui.obj.enc
c:\users\weiqi\documents\secondyearworks\shootzombie\project\debug\cscene3d.obj.enc
c:\users\weiqi\documents\secondyearworks\shootzombie\project\debug\enemyball.obj.enc
c:\users\weiqi\documents\secondyearworks\shootzombie\project\debug\hitcheckmesh.obj.enc
c:\users\weiqi\documents\secondyearworks\shootzombie\project\debug\hitcirclemesh.obj.enc
c:\users\weiqi\documents\secondyearworks\shootzombie\project\debug\model_aircraft.obj.enc
c:\users\weiqi\documents\secondyearworks\shootzombie\project\debug\motion.obj.enc
c:\users\weiqi\documents\secondyearworks\shootzombie\project\debug\particalcenter.obj.enc
c:\users\weiqi\documents\secondyearworks\shootzombie\project\debug\shadow.obj.enc
c:\users\weiqi\documents\secondyearworks\shootzombie\project\debug\skydome.obj.enc
c:\users\weiqi\documents\secondyearworks\shootzombie\project\debug\titlemanager.obj.enc
c:\users\weiqi\documents\secondyearworks\shootzombie\project\debug\tpsaim.obj.enc
c:\users\weiqi\documents\secondyearworks\shootzombie\project\debug\vc140.idb
c:\users\weiqi\documents\secondyearworks\shootzombie\project\\showmesh_debug.pdb
c:\users\weiqi\documents\secondyearworks\shootzombie\project\\showmesh_debug.exe
c:\users\weiqi\documents\secondyearworks\shootzombie\project\\showmesh_debug.ilk
c:\users\weiqi\documents\secondyearworks\shootzombie\project\debug\showmesh.tlog\cl.command.1.tlog
c:\users\weiqi\documents\secondyearworks\shootzombie\project\debug\showmesh.tlog\cl.read.1.tlog
c:\users\weiqi\documents\secondyearworks\shootzombie\project\debug\showmesh.tlog\cl.write.1.tlog
c:\users\weiqi\documents\secondyearworks\shootzombie\project\debug\showmesh.tlog\link.command.1.tlog
c:\users\weiqi\documents\secondyearworks\shootzombie\project\debug\showmesh.tlog\link.read.1.tlog
c:\users\weiqi\documents\secondyearworks\shootzombie\project\debug\showmesh.tlog\link.write.1.tlog
